<?xml version="1.0" encoding="UTF-8"?>
<!-- Generated by org.testng.reporters.JUnitXMLReporter -->
<testsuite ignored="0" hostname="cobogpgp1399.global.publicisgroupe.net" failures="0" tests="5" name="CommentTestNoSuccessful" time="5.429" errors="0" timestamp="19 Mar 2021 01:22:39 GMT">
  <testcase classname="CommentTestNoSuccessful" name="Test_51Creat_Comment_Successful" time="0.536"/>
  <testcase classname="CommentTestNoSuccessful" name="Test_52Call_Comment_Successful_All" time="1.226"/>
  <testcase classname="CommentTestNoSuccessful" name="Test_53Call_Comment_Successful_One" time="0.507"/>
  <testcase classname="CommentTestNoSuccessful" name="Test_54Update_Comment_Successful" time="0.517"/>
  <testcase classname="CommentTestNoSuccessful" name="Test_55Delete_Comment_Successful" time="0.538"/>
</testsuite> <!-- CommentTestNoSuccessful -->
