<?xml version="1.0" encoding="UTF-8"?>
<!-- Generated by org.testng.reporters.JUnitXMLReporter -->
<testsuite ignored="0" hostname="cobogpgp1399.global.publicisgroupe.net" failures="0" tests="5" name="CommentTests" time="10.741" errors="0" timestamp="19 Mar 2021 01:22:27 GMT">
  <testcase classname="CommentTest" name="Test_01Creat_Comment_Successful" time="0.621"/>
  <testcase classname="CommentTest" name="Test_02Call_Comment_Successful_All" time="0.562"/>
  <testcase classname="CommentTest" name="Test_03Call_Comment_Successful_One" time="0.691"/>
  <testcase classname="CommentTest" name="Test_04Update_Comment_Successful" time="0.641"/>
  <testcase classname="CommentTest" name="Test_05Delete_Comment_Successful" time="0.549"/>
</testsuite> <!-- CommentTests -->
