<?xml version="1.0" encoding="UTF-8"?>
<!-- Generated by org.testng.reporters.JUnitXMLReporter -->
<testsuite ignored="0" hostname="cobogpgp1399.global.publicisgroupe.net" failures="0" tests="5" name="PostTests" time="10.596" errors="0" timestamp="19 Mar 2021 01:22:34 GMT">
  <testcase classname="PostTest" name="Test_11Creat_Post_Successful" time="1.507"/>
  <testcase classname="PostTest" name="Test_12Call_Post_Successful_All" time="1.998"/>
  <testcase classname="PostTest" name="Test_13Call_Post_Successful_One" time="1.85"/>
  <testcase classname="PostTest" name="Test_14Update_Post_Successful" time="1.635"/>
  <testcase classname="PostTest" name="Test_15Delete_Post_Successful" time="1.799"/>
</testsuite> <!-- PostTests -->
