<?xml version="1.0" encoding="UTF-8"?>
<testsuite xmlns:xsi="http://www.w3.org/2001/XMLSchema-instance" xsi:noNamespaceSchemaLocation="https://maven.apache.org/surefire/maven-surefire-plugin/xsd/surefire-test-report.xsd" name="TestSuite" time="23.232" tests="22" errors="0" skipped="0" failures="0">
  <properties>
[...]
</properties>
  <testcase name="Test_00Creat_User_Already_Exist" classname="UserTests" time="4.365"/>
  <testcase name="Test_00Creat_User_Successful" classname="UserTests" time="0.969"/>
  <testcase name="Test_01Creat_Comment_Successful" classname="CommentTest" time="0.621"/>
  <testcase name="Test_11Creat_Post_Successful" classname="PostTest" time="1.074"/>
  <testcase name="Test_02Call_Comment_Successful_All" classname="CommentTest" time="0.562"/>
  <testcase name="Test_03Call_Comment_Successful_One" classname="CommentTest" time="0.691"/>
  <testcase name="Test_12Call_Post_Successful_All" classname="PostTest" time="0.592"/>
  <testcase name="Test_04Update_Comment_Successful" classname="CommentTest" time="0.641"/>
  <testcase name="Test_05Delete_Comment_Successful" classname="CommentTest" time="0.55"/>
  <testcase name="Test_31Creat_Post_Unsuccessful" classname="PostTestNoSuccessful" time="0.389"/>
  <testcase name="Test_32Call_Post_Unsuccessful_All" classname="PostTestNoSuccessful" time="0.533"/>
  <testcase name="Test_13Call_Post_Successful_One" classname="PostTest" time="1.459"/>
  <testcase name="Test_14Update_Post_Successful" classname="PostTest" time="1.634"/>
  <testcase name="Test_15Delete_Post_Successful" classname="PostTest" time="1.8"/>
  <testcase name="Test_33Call_Post_Unsuccessful_One" classname="PostTestNoSuccessful" time="0.116"/>
  <testcase name="Test_51Creat_Comment_Successful" classname="CommentTestNoSuccessful" time="0.42"/>
  <testcase name="Test_34Update_Post_Unsuccessful" classname="PostTestNoSuccessful" time="0.514"/>
  <testcase name="Test_52Call_Comment_Successful_All" classname="CommentTestNoSuccessful" time="0.709"/>
  <testcase name="Test_35Delete_Post_Unsuccessful" classname="PostTestNoSuccessful" time="0.419"/>
  <testcase name="Test_53Call_Comment_Successful_One" classname="CommentTestNoSuccessful" time="0.507"/>
  <testcase name="Test_54Update_Comment_Successful" classname="CommentTestNoSuccessful" time="0.517"/>
  <testcase name="Test_55Delete_Comment_Successful" classname="CommentTestNoSuccessful" time="0.537"/>
</testsuite>